[com.scistor.process.thrift.client.ClientTest 2017-11-08 15:17:05]:  [ERROR] org.apache.zookeeper.common.PathUtils.validatePath(PathUtils.java:51) 
[com.scistor.process.thrift.client.ClientTest 2017-11-08 15:17:05]:  [ERROR] org.apache.zookeeper.ZooKeeper.exists(ZooKeeper.java:1024) 
[com.scistor.process.thrift.client.ClientTest 2017-11-08 15:17:05]:  [ERROR] org.apache.zookeeper.ZooKeeper.exists(ZooKeeper.java:1073) 
[com.scistor.process.thrift.client.ClientTest 2017-11-08 15:17:05]:  [ERROR] com.scistor.process.utils.ZKOperator.deleteZNode(ZKOperator.java:72) 
[com.scistor.process.thrift.client.ClientTest 2017-11-08 15:17:05]:  [ERROR] com.scistor.process.thrift.service.MasterServiceImpl.registerComponent(MasterServiceImpl.java:124) 
[com.scistor.process.thrift.client.ClientTest 2017-11-08 15:17:05]:  [ERROR] com.scistor.process.thrift.service.MasterService$Processor$registerComponent.getResult(MasterService.java:257) 
[com.scistor.process.thrift.client.ClientTest 2017-11-08 15:17:05]:  [ERROR] com.scistor.process.thrift.service.MasterService$Processor$registerComponent.getResult(MasterService.java:242) 
[com.scistor.process.thrift.client.ClientTest 2017-11-08 15:17:05]:  [ERROR] org.apache.thrift.ProcessFunction.process(ProcessFunction.java:39) 
[com.scistor.process.thrift.client.ClientTest 2017-11-08 15:17:05]:  [ERROR] org.apache.thrift.TBaseProcessor.process(TBaseProcessor.java:39) 
[com.scistor.process.thrift.client.ClientTest 2017-11-08 15:17:05]:  [ERROR] org.apache.thrift.server.AbstractNonblockingServer$FrameBuffer.invoke(AbstractNonblockingServer.java:518) 
[com.scistor.process.thrift.client.ClientTest 2017-11-08 15:17:05]:  [ERROR] org.apache.thrift.server.Invocation.run(Invocation.java:18) 
[com.scistor.process.thrift.client.ClientTest 2017-11-08 15:17:05]:  [ERROR] java.util.concurrent.ThreadPoolExecutor.runWorker(ThreadPoolExecutor.java:1145) 
[com.scistor.process.thrift.client.ClientTest 2017-11-08 15:17:05]:  [ERROR] java.util.concurrent.ThreadPoolExecutor$Worker.run(ThreadPoolExecutor.java:615) 
[com.scistor.process.thrift.client.ClientTest 2017-11-08 15:17:05]:  [ERROR] java.lang.Thread.run(Thread.java:745) 
[org.apache.thrift.server.AbstractNonblockingServer$FrameBuffer 2017-11-08 15:17:05]:  [ERROR] Unexpected throwable while invoking! 
java.util.UnknownFormatConversionException: Conversion = ']'
	at java.util.Formatter.checkText(Formatter.java:2547)
	at java.util.Formatter.parse(Formatter.java:2533)
	at java.util.Formatter.format(Formatter.java:2469)
	at java.util.Formatter.format(Formatter.java:2423)
	at java.lang.String.format(String.java:2792)
	at com.scistor.process.thrift.service.MasterServiceImpl.registerComponent(MasterServiceImpl.java:144)
	at com.scistor.process.thrift.service.MasterService$Processor$registerComponent.getResult(MasterService.java:257)
	at com.scistor.process.thrift.service.MasterService$Processor$registerComponent.getResult(MasterService.java:242)
	at org.apache.thrift.ProcessFunction.process(ProcessFunction.java:39)
	at org.apache.thrift.TBaseProcessor.process(TBaseProcessor.java:39)
	at org.apache.thrift.server.AbstractNonblockingServer$FrameBuffer.invoke(AbstractNonblockingServer.java:518)
	at org.apache.thrift.server.Invocation.run(Invocation.java:18)
	at java.util.concurrent.ThreadPoolExecutor.runWorker(ThreadPoolExecutor.java:1145)
	at java.util.concurrent.ThreadPoolExecutor$Worker.run(ThreadPoolExecutor.java:615)
	at java.lang.Thread.run(Thread.java:745)
